Loading matlab/r2023b
  Loading requirement: libjpeg-turbo/1.4.2 virtualgl/2.5.0

                            < M A T L A B (R) >
                  Copyright 1984-2023 The MathWorks, Inc.
                  R2023b (23.2.0.2365128) 64-bit (glnxa64)
                              August 23, 2023

 
To get started, type doc.
For product information, visit www.mathworks.com.
 
Starting parallel pool (parpool) using the 'Threads' profile ...
Connected to parallel pool with 1 workers.
Parallel pool using the 'Threads' profile is shutting down.
Parallel pool using the 'Threads' profile is shutting down.
Parallel pool using the 'Threads' profile is shutting down.
Parallel pool using the 'Threads' profile is shutting down.
Parallel pool using the 'Threads' profile is shutting down.
Parallel pool using the 'Threads' profile is shutting down.
Parallel pool using the 'Threads' profile is shutting down.
Parallel pool using the 'Threads' profile is shutting down.
Parallel pool using the 'Threads' profile is shutting down.
Parallel pool using the 'Threads' profile is shutting down.
Parallel pool using the 'Threads' profile is shutting down.
Parallel pool using the 'Threads' profile is shutting down.
Parallel pool using the 'Threads' profile is shutting down.
Parallel pool using the 'Threads' profile is shutting down.
Parallel pool using the 'Threads' profile is shutting down.
Parallel pool using the 'Threads' profile is shutting down.
Parallel pool using the 'Threads' profile is shutting down.
Parallel pool using the 'Threads' profile is shutting down.
Parallel pool using the 'Threads' profile is shutting down.
Parallel pool using the 'Threads' profile is shutting down.
Parallel pool using the 'Threads' profile is shutting down.
Parallel pool using the 'Threads' profile is shutting down.
Parallel pool using the 'Threads' profile is shutting down.
Parallel pool using the 'Threads' profile is shutting down.
Parallel pool using the 'Threads' profile is shutting down.
Parallel pool using the 'Threads' profile is shutting down.
Parallel pool using the 'Threads' profile is shutting down.
Parallel pool using the 'Threads' profile is shutting down.
Parallel pool using the 'Threads' profile is shutting down.
Parallel pool using the 'Threads' profile is shutting down.
Parallel pool using the 'Threads' profile is shutting down.
Parallel pool using the 'Threads' profile is shutting down.
Parallel pool using the 'Threads' profile is shutting down.
Parallel pool using the 'Threads' profile is shutting down.
Parallel pool using the 'Threads' profile is shutting down.
Parallel pool using the 'Threads' profile is shutting down.
Parallel pool using the 'Threads' profile is shutting down.
Parallel pool using the 'Threads' profile is shutting down.
Parallel pool using the 'Threads' profile is shutting down.
Parallel pool using the 'Threads' profile is shutting down.
Parallel pool using the 'Threads' profile is shutting down.
Parallel pool using the 'Threads' profile is shutting down.
Parallel pool using the 'Threads' profile is shutting down.
Parallel pool using the 'Threads' profile is shutting down.
Parallel pool using the 'Threads' profile is shutting down.
Parallel pool using the 'Threads' profile is shutting down.
Parallel pool using the 'Threads' profile is shutting down.
Parallel pool using the 'Threads' profile is shutting down.
Parallel pool using the 'Threads' profile is shutting down.
Parallel pool using the 'Threads' profile is shutting down.
Parallel pool using the 'Threads' profile is shutting down.
Parallel pool using the 'Threads' profile is shutting down.
Parallel pool using the 'Threads' profile is shutting down.
Parallel pool using the 'Threads' profile is shutting down.
Parallel pool using the 'Threads' profile is shutting down.
Parallel pool using the 'Threads' profile is shutting down.
Parallel pool using the 'Threads' profile is shutting down.
Parallel pool using the 'Threads' profile is shutting down.
Parallel pool using the 'Threads' profile is shutting down.
Parallel pool using the 'Threads' profile is shutting down.
Parallel pool using the 'Threads' profile is shutting down.
Parallel pool using the 'Threads' profile is shutting down.
Parallel pool using the 'Threads' profile is shutting down.
Parallel pool using the 'Threads' profile is shutting down.
Parallel pool using the 'Threads' profile is shutting down.
Parallel pool using the 'Threads' profile is shutting down.
Parallel pool using the 'Threads' profile is shutting down.
Parallel pool using the 'Threads' profile is shutting down.
Parallel pool using the 'Threads' profile is shutting down.
Parallel pool using the 'Threads' profile is shutting down.
Parallel pool using the 'Threads' profile is shutting down.
Parallel pool using the 'Threads' profile is shutting down.
Parallel pool using the 'Threads' profile is shutting down.
Parallel pool using the 'Threads' profile is shutting down.
Parallel pool using the 'Threads' profile is shutting down.
Parallel pool using the 'Threads' profile is shutting down.
Parallel pool using the 'Threads' profile is shutting down.
Parallel pool using the 'Threads' profile is shutting down.
Parallel pool using the 'Threads' profile is shutting down.
Parallel pool using the 'Threads' profile is shutting down.
Parallel pool using the 'Threads' profile is shutting down.
Parallel pool using the 'Threads' profile is shutting down.
Parallel pool using the 'Threads' profile is shutting down.
Parallel pool using the 'Threads' profile is shutting down.
Parallel pool using the 'Threads' profile is shutting down.
Parallel pool using the 'Threads' profile is shutting down.
Parallel pool using the 'Threads' profile is shutting down.
Parallel pool using the 'Threads' profile is shutting down.
Parallel pool using the 'Threads' profile is shutting down.
Parallel pool using the 'Threads' profile is shutting down.
Parallel pool using the 'Threads' profile is shutting down.
Parallel pool using the 'Threads' profile is shutting down.
Parallel pool using the 'Threads' profile is shutting down.
Parallel pool using the 'Threads' profile is shutting down.
Parallel pool using the 'Threads' profile is shutting down.
Parallel pool using the 'Threads' profile is shutting down.
Parallel pool using the 'Threads' profile is shutting down.
Parallel pool using the 'Threads' profile is shutting down.
Parallel pool using the 'Threads' profile is shutting down.
Parallel pool using the 'Threads' profile is shutting down.
Parallel pool using the 'Threads' profile is shutting down.
Parallel pool using the 'Threads' profile is shutting down.
Parallel pool using the 'Threads' profile is shutting down.
Parallel pool using the 'Threads' profile is shutting down.
Parallel pool using the 'Threads' profile is shutting down.
Parallel pool using the 'Threads' profile is shutting down.
Parallel pool using the 'Threads' profile is shutting down.
Parallel pool using the 'Threads' profile is shutting down.
Parallel pool using the 'Threads' profile is shutting down.
Parallel pool using the 'Threads' profile is shutting down.
Parallel pool using the 'Threads' profile is shutting down.
Parallel pool using the 'Threads' profile is shutting down.
Parallel pool using the 'Threads' profile is shutting down.
Parallel pool using the 'Threads' profile is shutting down.
Parallel pool using the 'Threads' profile is shutting down.
Parallel pool using the 'Threads' profile is shutting down.
Parallel pool using the 'Threads' profile is shutting down.
Parallel pool using the 'Threads' profile is shutting down.
Parallel pool using the 'Threads' profile is shutting down.
Parallel pool using the 'Threads' profile is shutting down.
Parallel pool using the 'Threads' profile is shutting down.
Parallel pool using the 'Threads' profile is shutting down.
Parallel pool using the 'Threads' profile is shutting down.
Parallel pool using the 'Threads' profile is shutting down.
Parallel pool using the 'Threads' profile is shutting down.
Parallel pool using the 'Threads' profile is shutting down.
Parallel pool using the 'Threads' profile is shutting down.
Parallel pool using the 'Threads' profile is shutting down.
Parallel pool using the 'Threads' profile is shutting down.
Parallel pool using the 'Threads' profile is shutting down.
Parallel pool using the 'Threads' profile is shutting down.
Parallel pool using the 'Threads' profile is shutting down.
Parallel pool using the 'Threads' profile is shutting down.
Parallel pool using the 'Threads' profile is shutting down.
Parallel pool using the 'Threads' profile is shutting down.
Parallel pool using the 'Threads' profile is shutting down.
Parallel pool using the 'Threads' profile is shutting down.
Parallel pool using the 'Threads' profile is shutting down.
Parallel pool using the 'Threads' profile is shutting down.
Parallel pool using the 'Threads' profile is shutting down.
Parallel pool using the 'Threads' profile is shutting down.
Parallel pool using the 'Threads' profile is shutting down.
Parallel pool using the 'Threads' profile is shutting down.
Parallel pool using the 'Threads' profile is shutting down.
Parallel pool using the 'Threads' profile is shutting down.
Parallel pool using the 'Threads' profile is shutting down.
Parallel pool using the 'Threads' profile is shutting down.
Parallel pool using the 'Threads' profile is shutting down.
Parallel pool using the 'Threads' profile is shutting down.
Parallel pool using the 'Threads' profile is shutting down.
Parallel pool using the 'Threads' profile is shutting down.
Parallel pool using the 'Threads' profile is shutting down.
Parallel pool using the 'Threads' profile is shutting down.
Parallel pool using the 'Threads' profile is shutting down.
Parallel pool using the 'Threads' profile is shutting down.
Parallel pool using the 'Threads' profile is shutting down.
Parallel pool using the 'Threads' profile is shutting down.
Parallel pool using the 'Threads' profile is shutting down.
Parallel pool using the 'Threads' profile is shutting down.
Parallel pool using the 'Threads' profile is shutting down.
Parallel pool using the 'Threads' profile is shutting down.
Parallel pool using the 'Threads' profile is shutting down.
Parallel pool using the 'Threads' profile is shutting down.
Parallel pool using the 'Threads' profile is shutting down.
Parallel pool using the 'Threads' profile is shutting down.
Parallel pool using the 'Threads' profile is shutting down.
Parallel pool using the 'Threads' profile is shutting down.
Parallel pool using the 'Threads' profile is shutting down.
Parallel pool using the 'Threads' profile is shutting down.
Parallel pool using the 'Threads' profile is shutting down.
Parallel pool using the 'Threads' profile is shutting down.
Parallel pool using the 'Threads' profile is shutting down.
Parallel pool using the 'Threads' profile is shutting down.
Parallel pool using the 'Threads' profile is shutting down.
Parallel pool using the 'Threads' profile is shutting down.
Parallel pool using the 'Threads' profile is shutting down.
Parallel pool using the 'Threads' profile is shutting down.
Parallel pool using the 'Threads' profile is shutting down.
Parallel pool using the 'Threads' profile is shutting down.
Parallel pool using the 'Threads' profile is shutting down.
Parallel pool using the 'Threads' profile is shutting down.
Parallel pool using the 'Threads' profile is shutting down.
Parallel pool using the 'Threads' profile is shutting down.
Parallel pool using the 'Threads' profile is shutting down.
Parallel pool using the 'Threads' profile is shutting down.
Parallel pool using the 'Threads' profile is shutting down.
Parallel pool using the 'Threads' profile is shutting down.
Parallel pool using the 'Threads' profile is shutting down.
Parallel pool using the 'Threads' profile is shutting down.
Parallel pool using the 'Threads' profile is shutting down.
Parallel pool using the 'Threads' profile is shutting down.
